<?xml version="1.0" encoding="UTF-8"?>
<!-- Generated by org.testng.reporters.JUnitReportReporter -->
<testsuite hostname="bethmi" name="com.test.ng.EmployeeServiceImplTest" tests="3" failures="0" timestamp="27 Oct 2017 05:37:57 GMT" time="0.015" errors="0">
  <testcase name="testGrossSalaryCalculation" time="0.005" classname="com.test.ng.EmployeeServiceImplTest"/>
  <testcase name="testGenerateBasicSalaryFailure" time="0.009" classname="com.test.ng.EmployeeServiceImplTest"/>
  <testcase name="testGenerateBasicSalarySuccess" time="0.001" classname="com.test.ng.EmployeeServiceImplTest"/>
</testsuite> <!-- com.test.ng.EmployeeServiceImplTest -->
